<?xml version="1.0" encoding="UTF-8"?>
<!-- Generated by org.testng.reporters.JUnitXMLReporter -->
<testsuite hostname="DELL-XPS" ignored="0" name="FBTestlogin" tests="3" failures="0" timestamp="31 Aug 2020 13:22:07 GMT" time="34.222" errors="0">
  <testcase name="loginTest" time="2.328" classname="testcases.TC_01_ValidateLoginFunctionality"/>
  <testcase name="loginTest" time="0.447" classname="testcases.TC_01_ValidateLoginFunctionality"/>
  <testcase name="loginTest" time="0.437" classname="testcases.TC_01_ValidateLoginFunctionality"/>
</testsuite> <!-- FBTestlogin -->
