<?xml version="1.0" encoding="UTF-8"?>
<testng-results skipped="0" failed="0" ignored="0" total="3" passed="3">
  <reporter-output>
  </reporter-output>
  <suite name="DataDriven Testing" duration-ms="34222" started-at="2020-08-31T13:21:33Z" finished-at="2020-08-31T13:22:07Z">
    <groups>
    </groups>
    <test name="FBTestlogin" duration-ms="34222" started-at="2020-08-31T13:21:33Z" finished-at="2020-08-31T13:22:07Z">
      <class name="testcases.TC_01_ValidateLoginFunctionality">
        <test-method status="PASS" signature="initiateDriverInstance()[pri:0, instance:testcases.TC_01_ValidateLoginFunctionality@4f7d0008]" name="initiateDriverInstance" is-config="true" duration-ms="14425" started-at="2020-08-31T13:21:34Z" finished-at="2020-08-31T13:21:48Z">
          <reporter-output>
          </reporter-output>
        </test-method> <!-- initiateDriverInstance -->
        <test-method status="PASS" signature="loginTest(java.lang.String, java.lang.String)[pri:0, instance:testcases.TC_01_ValidateLoginFunctionality@4f7d0008]" name="loginTest" duration-ms="2328" started-at="2020-08-31T13:21:48Z" data-provider="readExcel" finished-at="2020-08-31T13:21:50Z">
          <params>
            <param index="0">
              <value>
                <![CDATA[ram]]>
              </value>
            </param>
            <param index="1">
              <value>
                <![CDATA[joshi]]>
              </value>
            </param>
          </params>
          <reporter-output>
          </reporter-output>
        </test-method> <!-- loginTest -->
        <test-method status="PASS" signature="closeDriverInstance()[pri:0, instance:testcases.TC_01_ValidateLoginFunctionality@4f7d0008]" name="closeDriverInstance" is-config="true" duration-ms="1838" started-at="2020-08-31T13:21:50Z" finished-at="2020-08-31T13:21:52Z">
          <reporter-output>
          </reporter-output>
        </test-method> <!-- closeDriverInstance -->
        <test-method status="PASS" signature="initiateDriverInstance()[pri:0, instance:testcases.TC_01_ValidateLoginFunctionality@4f7d0008]" name="initiateDriverInstance" is-config="true" duration-ms="6367" started-at="2020-08-31T13:21:52Z" finished-at="2020-08-31T13:21:59Z">
          <reporter-output>
          </reporter-output>
        </test-method> <!-- initiateDriverInstance -->
        <test-method status="PASS" signature="loginTest(java.lang.String, java.lang.String)[pri:0, instance:testcases.TC_01_ValidateLoginFunctionality@4f7d0008]" name="loginTest" duration-ms="447" started-at="2020-08-31T13:21:59Z" data-provider="readExcel" finished-at="2020-08-31T13:21:59Z">
          <params>
            <param index="0">
              <value>
                <![CDATA[sumit]]>
              </value>
            </param>
            <param index="1">
              <value>
                <![CDATA[ragvan]]>
              </value>
            </param>
          </params>
          <reporter-output>
          </reporter-output>
        </test-method> <!-- loginTest -->
        <test-method status="PASS" signature="closeDriverInstance()[pri:0, instance:testcases.TC_01_ValidateLoginFunctionality@4f7d0008]" name="closeDriverInstance" is-config="true" duration-ms="910" started-at="2020-08-31T13:21:59Z" finished-at="2020-08-31T13:22:00Z">
          <reporter-output>
          </reporter-output>
        </test-method> <!-- closeDriverInstance -->
        <test-method status="PASS" signature="initiateDriverInstance()[pri:0, instance:testcases.TC_01_ValidateLoginFunctionality@4f7d0008]" name="initiateDriverInstance" is-config="true" duration-ms="5715" started-at="2020-08-31T13:22:00Z" finished-at="2020-08-31T13:22:06Z">
          <reporter-output>
          </reporter-output>
        </test-method> <!-- initiateDriverInstance -->
        <test-method status="PASS" signature="loginTest(java.lang.String, java.lang.String)[pri:0, instance:testcases.TC_01_ValidateLoginFunctionality@4f7d0008]" name="loginTest" duration-ms="437" started-at="2020-08-31T13:22:06Z" data-provider="readExcel" finished-at="2020-08-31T13:22:06Z">
          <params>
            <param index="0">
              <value>
                <![CDATA[suvarna]]>
              </value>
            </param>
            <param index="1">
              <value>
                <![CDATA[supekar]]>
              </value>
            </param>
          </params>
          <reporter-output>
          </reporter-output>
        </test-method> <!-- loginTest -->
        <test-method status="PASS" signature="closeDriverInstance()[pri:0, instance:testcases.TC_01_ValidateLoginFunctionality@4f7d0008]" name="closeDriverInstance" is-config="true" duration-ms="901" started-at="2020-08-31T13:22:06Z" finished-at="2020-08-31T13:22:07Z">
          <reporter-output>
          </reporter-output>
        </test-method> <!-- closeDriverInstance -->
      </class> <!-- testcases.TC_01_ValidateLoginFunctionality -->
    </test> <!-- FBTestlogin -->
  </suite> <!-- DataDriven Testing -->
</testng-results>
